# JRE version: Java(TM) SE Runtime Environment (8.0_25-b18) (build 1.8.0_25-b18)
# Java VM: Java HotSpot(TM) 64-Bit Server VM (25.25-b02 mixed mode windows-amd64 compressed oops)
Heap:
 PSYoungGen      total 90112K, used 688K [0x00000000d6180000, 0x00000000dc600000, 0x0000000100000000)
  eden space 78848K, 0% used [0x00000000d6180000,0x00000000d6180000,0x00000000dae80000)
  from space 11264K, 6% used [0x00000000dba00000,0x00000000dbaac010,0x00000000dc500000)
  to   space 11776K, 0% used [0x00000000dae80000,0x00000000dae80000,0x00000000dba00000)
 ParOldGen       total 66048K, used 24740K [0x0000000082400000, 0x0000000086480000, 0x00000000d6180000)
  object space 66048K, 37% used [0x0000000082400000,0x0000000083c29350,0x0000000086480000)
 Metaspace       used 33392K, capacity 34260K, committed 34688K, reserved 1079296K
  class space    used 4106K, capacity 4439K, committed 4480K, reserved 1048576K
GC Heap History (10 events):
Event: 8.748 GC heap after
Heap after GC invocations=9 (full 1):
 PSYoungGen      total 56832K, used 4240K [0x00000000d6180000, 0x00000000da780000, 0x0000000100000000)
  eden space 44544K, 0% used [0x00000000d6180000,0x00000000d6180000,0x00000000d8d00000)
  from space 12288K, 34% used [0x00000000d9900000,0x00000000d9d24350,0x00000000da500000)
  to   space 12288K, 0% used [0x00000000d8d00000,0x00000000d8d00000,0x00000000d9900000)
 ParOldGen       total 66048K, used 14652K [0x0000000082400000, 0x0000000086480000, 0x00000000d6180000)
  object space 66048K, 22% used [0x0000000082400000,0x000000008324f370,0x0000000086480000)
 Metaspace       used 23335K, capacity 24002K, committed 24320K, reserved 1071104K
  class space    used 2781K, capacity 2994K, committed 3072K, reserved 1048576K
}
Event: 9.854 GC heap before
{Heap before GC invocations=10 (full 1):
 PSYoungGen      total 56832K, used 48784K [0x00000000d6180000, 0x00000000da780000, 0x0000000100000000)
  eden space 44544K, 100% used [0x00000000d6180000,0x00000000d8d00000,0x00000000d8d00000)
  from space 12288K, 34% used [0x00000000d9900000,0x00000000d9d24350,0x00000000da500000)
  to   space 12288K, 0% used [0x00000000d8d00000,0x00000000d8d00000,0x00000000d9900000)
 ParOldGen       total 66048K, used 14652K [0x0000000082400000, 0x0000000086480000, 0x00000000d6180000)
  object space 66048K, 22% used [0x0000000082400000,0x000000008324f3d0,0x0000000086480000)
 Metaspace       used 25515K, capacity 26240K, committed 26368K, reserved 1073152K
  class space    used 3067K, capacity 3269K, committed 3328K, reserved 1048576K
Event: 9.861 GC heap after
Heap after GC invocations=10 (full 1):
 PSYoungGen      total 56832K, used 6822K [0x00000000d6180000, 0x00000000db280000, 0x0000000100000000)
  eden space 44544K, 0% used [0x00000000d6180000,0x00000000d6180000,0x00000000d8d00000)
  from space 12288K, 55% used [0x00000000d8d00000,0x00000000d93a9b90,0x00000000d9900000)
  to   space 11776K, 0% used [0x00000000da700000,0x00000000da700000,0x00000000db280000)
 ParOldGen       total 66048K, used 14660K [0x0000000082400000, 0x0000000086480000, 0x00000000d6180000)
  object space 66048K, 22% used [0x0000000082400000,0x00000000832513d0,0x0000000086480000)
 Metaspace       used 25515K, capacity 26240K, committed 26368K, reserved 1073152K
  class space    used 3067K, capacity 3269K, committed 3328K, reserved 1048576K
}
Event: 11.034 GC heap before
{Heap before GC invocations=11 (full 1):
 PSYoungGen      total 56832K, used 51366K [0x00000000d6180000, 0x00000000db280000, 0x0000000100000000)
  eden space 44544K, 100% used [0x00000000d6180000,0x00000000d8d00000,0x00000000d8d00000)
  from space 12288K, 55% used [0x00000000d8d00000,0x00000000d93a9b90,0x00000000d9900000)
  to   space 11776K, 0% used [0x00000000da700000,0x00000000da700000,0x00000000db280000)
 ParOldGen       total 66048K, used 14727K [0x0000000082400000, 0x0000000086480000, 0x00000000d6180000)
  object space 66048K, 22% used [0x0000000082400000,0x0000000083261f60,0x0000000086480000)
 Metaspace       used 27671K, capacity 28500K, committed 28800K, reserved 1075200K
  class space    used 3330K, capacity 3617K, committed 3712K, reserved 1048576K
Event: 11.060 GC heap after
Heap after GC invocations=11 (full 1):
 PSYoungGen      total 71168K, used 6563K [0x00000000d6180000, 0x00000000db200000, 0x0000000100000000)
  eden space 59904K, 0% used [0x00000000d6180000,0x00000000d6180000,0x00000000d9c00000)
  from space 11264K, 58% used [0x00000000da700000,0x00000000dad68d10,0x00000000db200000)
  to   space 11264K, 0% used [0x00000000d9c00000,0x00000000d9c00000,0x00000000da700000)
 ParOldGen       total 66048K, used 16497K [0x0000000082400000, 0x0000000086480000, 0x00000000d6180000)
  object space 66048K, 24% used [0x0000000082400000,0x000000008341c620,0x0000000086480000)
 Metaspace       used 27671K, capacity 28500K, committed 28800K, reserved 1075200K
  class space    used 3330K, capacity 3617K, committed 3712K, reserved 1048576K
}
Event: 12.417 GC heap before
{Heap before GC invocations=12 (full 1):
 PSYoungGen      total 71168K, used 66467K [0x00000000d6180000, 0x00000000db200000, 0x0000000100000000)
  eden space 59904K, 100% used [0x00000000d6180000,0x00000000d9c00000,0x00000000d9c00000)
  from space 11264K, 58% used [0x00000000da700000,0x00000000dad68d10,0x00000000db200000)
  to   space 11264K, 0% used [0x00000000d9c00000,0x00000000d9c00000,0x00000000da700000)
 ParOldGen       total 66048K, used 16497K [0x0000000082400000, 0x0000000086480000, 0x00000000d6180000)
  object space 66048K, 24% used [0x0000000082400000,0x000000008341c620,0x0000000086480000)
 Metaspace       used 32865K, capacity 33748K, committed 34176K, reserved 1079296K
  class space    used 4036K, capacity 4375K, committed 4480K, reserved 1048576K
Event: 12.429 GC heap after
Heap after GC invocations=12 (full 1):
 PSYoungGen      total 71168K, used 8459K [0x00000000d6180000, 0x00000000dc500000, 0x0000000100000000)
  eden space 59904K, 0% used [0x00000000d6180000,0x00000000d6180000,0x00000000d9c00000)
  from space 11264K, 75% used [0x00000000d9c00000,0x00000000da442dd0,0x00000000da700000)
  to   space 11264K, 0% used [0x00000000dba00000,0x00000000dba00000,0x00000000dc500000)
 ParOldGen       total 66048K, used 19172K [0x0000000082400000, 0x0000000086480000, 0x00000000d6180000)
  object space 66048K, 29% used [0x0000000082400000,0x00000000836b9288,0x0000000086480000)
 Metaspace       used 32865K, capacity 33748K, committed 34176K, reserved 1079296K
  class space    used 4036K, capacity 4375K, committed 4480K, reserved 1048576K
}
Event: 16.349 GC heap before
{Heap before GC invocations=13 (full 1):
 PSYoungGen      total 71168K, used 17137K [0x00000000d6180000, 0x00000000dc500000, 0x0000000100000000)
  eden space 59904K, 14% used [0x00000000d6180000,0x00000000d69f9770,0x00000000d9c00000)
  from space 11264K, 75% used [0x00000000d9c00000,0x00000000da442dd0,0x00000000da700000)
  to   space 11264K, 0% used [0x00000000dba00000,0x00000000dba00000,0x00000000dc500000)
 ParOldGen       total 66048K, used 19172K [0x0000000082400000, 0x0000000086480000, 0x00000000d6180000)
  object space 66048K, 29% used [0x0000000082400000,0x00000000836b9288,0x0000000086480000)
 Metaspace       used 33392K, capacity 34260K, committed 34688K, reserved 1079296K
  class space    used 4106K, capacity 4439K, committed 4480K, reserved 1048576K
Event: 16.356 GC heap after
Heap after GC invocations=13 (full 1):
 PSYoungGen      total 90112K, used 688K [0x00000000d6180000, 0x00000000dc600000, 0x0000000100000000)
  eden space 78848K, 0% used [0x00000000d6180000,0x00000000d6180000,0x00000000dae80000)
  from space 11264K, 6% used [0x00000000dba00000,0x00000000dbaac010,0x00000000dc500000)
  to   space 11776K, 0% used [0x00000000dae80000,0x00000000dae80000,0x00000000dba00000)
 ParOldGen       total 66048K, used 24740K [0x0000000082400000, 0x0000000086480000, 0x00000000d6180000)
  object space 66048K, 37% used [0x0000000082400000,0x0000000083c29350,0x0000000086480000)
 Metaspace       used 33392K, capacity 34260K, committed 34688K, reserved 1079296K
  class space    used 4106K, capacity 4439K, committed 4480K, reserved 1048576K
}
Event: 16.356 GC heap before
{Heap before GC invocations=14 (full 2):
 PSYoungGen      total 90112K, used 688K [0x00000000d6180000, 0x00000000dc600000, 0x0000000100000000)
  eden space 78848K, 0% used [0x00000000d6180000,0x00000000d6180000,0x00000000dae80000)
  from space 11264K, 6% used [0x00000000dba00000,0x00000000dbaac010,0x00000000dc500000)
  to   space 11776K, 0% used [0x00000000dae80000,0x00000000dae80000,0x00000000dba00000)
 ParOldGen       total 66048K, used 24740K [0x0000000082400000, 0x0000000086480000, 0x00000000d6180000)
  object space 66048K, 37% used [0x0000000082400000,0x0000000083c29350,0x0000000086480000)
 Metaspace       used 33392K, capacity 34260K, committed 34688K, reserved 1079296K
  class space    used 4106K, capacity 4439K, committed 4480K, reserved 1048576K

